12:05:29 **** Build of configuration Release for project libpixy_m4 ****
make -r all 
Building file: ../src/blob.cpp
Invoking: MCU C++ Compiler
arm-none-eabi-c++ -D__MULTICORE_NONE -DIPC_MASTER -DPIXY -D__NEWLIB__ -DNDEBUG -D__CODE_RED -DCORE_M4 -D__LPC43XX__ -I"C:\Programming\pixy\src\device\libpixy_m4\inc" -I../../common/inc -I../../../common/inc -Os -Os -g -Wall -c -fmessage-length=0 -fno-builtin -ffunction-sections -fdata-sections -fno-rtti -fno-exceptions -fsingle-precision-constant -mcpu=cortex-m4 -mfpu=fpv4-sp-d16 -mfloat-abi=softfp -mthumb -D__NEWLIB__ -MMD -MP -MF"src/blob.d" -MT"src/blob.o" -MT"src/blob.d" -o "src/blob.o" "../src/blob.cpp"
Finished building: ../src/blob.cpp
 
Building file: ../src/blobs.cpp
Invoking: MCU C++ Compiler
arm-none-eabi-c++ -D__MULTICORE_NONE -DIPC_MASTER -DPIXY -D__NEWLIB__ -DNDEBUG -D__CODE_RED -DCORE_M4 -D__LPC43XX__ -I"C:\Programming\pixy\src\device\libpixy_m4\inc" -I../../common/inc -I../../../common/inc -Os -Os -g -Wall -c -fmessage-length=0 -fno-builtin -ffunction-sections -fdata-sections -fno-rtti -fno-exceptions -fsingle-precision-constant -mcpu=cortex-m4 -mfpu=fpv4-sp-d16 -mfloat-abi=softfp -mthumb -D__NEWLIB__ -MMD -MP -MF"src/blobs.d" -MT"src/blobs.o" -MT"src/blobs.d" -o "src/blobs.o" "../src/blobs.cpp"
../src/blobs.cpp: In member function 'void Blobs::cleanup(BlobA**, int16_t*)':
../src/blobs.cpp:826:37: warning: 'maxEqualArea' may be used uninitialized in this function [-Wmaybe-uninitialized]
         if (lowerArea<=maxEqualArea && maxEqualArea<=upperArea)
                                     ^
../src/blobs.cpp: In member function 'int Blobs::runlengthAnalysis()':
../src/blobs.cpp:187:102: warning: 'segmentEndCol' may be used uninitialized in this function [-Wmaybe-uninitialized]
             res = handleSegment(segmentSig, row, segmentStartCol-1, segmentEndCol - segmentStartCol+1);
                                                                                                      ^
../src/blobs.cpp:187:102: warning: 'segmentStartCol' may be used uninitialized in this function [-Wmaybe-uninitialized]
../src/blobs.cpp:166:29: warning: 'prevStartCol' may be used uninitialized in this function [-Wmaybe-uninitialized]
             merge = startCol-prevStartCol<=5 && prevSig==sig;
                             ^
../src/blobs.cpp:172:36: warning: 'prevSig' may be used uninitialized in this function [-Wmaybe-uninitialized]
             else if (segmentSig!=0 && (segmentSig!=sig || !merge))
                                    ^
Finished building: ../src/blobs.cpp
 
Building file: ../src/calc.cpp
Invoking: MCU C++ Compiler
arm-none-eabi-c++ -D__MULTICORE_NONE -DIPC_MASTER -DPIXY -D__NEWLIB__ -DNDEBUG -D__CODE_RED -DCORE_M4 -D__LPC43XX__ -I"C:\Programming\pixy\src\device\libpixy_m4\inc" -I../../common/inc -I../../../common/inc -Os -Os -g -Wall -c -fmessage-length=0 -fno-builtin -ffunction-sections -fdata-sections -fno-rtti -fno-exceptions -fsingle-precision-constant -mcpu=cortex-m4 -mfpu=fpv4-sp-d16 -mfloat-abi=softfp -mthumb -D__NEWLIB__ -MMD -MP -MF"src/calc.d" -MT"src/calc.o" -MT"src/calc.d" -o "src/calc.o" "../src/calc.cpp"
Finished building: ../src/calc.cpp
 
Building file: ../src/camera.cpp
Invoking: MCU C++ Compiler
arm-none-eabi-c++ -D__MULTICORE_NONE -DIPC_MASTER -DPIXY -D__NEWLIB__ -DNDEBUG -D__CODE_RED -DCORE_M4 -D__LPC43XX__ -I"C:\Programming\pixy\src\device\libpixy_m4\inc" -I../../common/inc -I../../../common/inc -Os -Os -g -Wall -c -fmessage-length=0 -fno-builtin -ffunction-sections -fdata-sections -fno-rtti -fno-exceptions -fsingle-precision-constant -mcpu=cortex-m4 -mfpu=fpv4-sp-d16 -mfloat-abi=softfp -mthumb -D__NEWLIB__ -MMD -MP -MF"src/camera.d" -MT"src/camera.o" -MT"src/camera.d" -o "src/camera.o" "../src/camera.cpp"
../src/camera.cpp:169:1: warning: deprecated conversion from string constant to 'char*' [-Wwrite-strings]
 };
 ^
../src/camera.cpp:169:1: warning: deprecated conversion from string constant to 'char*' [-Wwrite-strings]
../src/camera.cpp:169:1: warning: deprecated conversion from string constant to 'char*' [-Wwrite-strings]
../src/camera.cpp:169:1: warning: deprecated conversion from string constant to 'char*' [-Wwrite-strings]
../src/camera.cpp:169:1: warning: deprecated conversion from string constant to 'char*' [-Wwrite-strings]
../src/camera.cpp:169:1: warning: deprecated conversion from string constant to 'char*' [-Wwrite-strings]
../src/camera.cpp:169:1: warning: deprecated conversion from string constant to 'char*' [-Wwrite-strings]
../src/camera.cpp:169:1: warning: deprecated conversion from string constant to 'char*' [-Wwrite-strings]
../src/camera.cpp:169:1: warning: deprecated conversion from string constant to 'char*' [-Wwrite-strings]
../src/camera.cpp:169:1: warning: deprecated conversion from string constant to 'char*' [-Wwrite-strings]
../src/camera.cpp:169:1: warning: deprecated conversion from string constant to 'char*' [-Wwrite-strings]
../src/camera.cpp:169:1: warning: deprecated conversion from string constant to 'char*' [-Wwrite-strings]
../src/camera.cpp:169:1: warning: deprecated conversion from string constant to 'char*' [-Wwrite-strings]
../src/camera.cpp:169:1: warning: deprecated conversion from string constant to 'char*' [-Wwrite-strings]
../src/camera.cpp:169:1: warning: deprecated conversion from string constant to 'char*' [-Wwrite-strings]
../src/camera.cpp:169:1: warning: deprecated conversion from string constant to 'char*' [-Wwrite-strings]
../src/camera.cpp:169:1: warning: deprecated conversion from string constant to 'char*' [-Wwrite-strings]
../src/camera.cpp:169:1: warning: deprecated conversion from string constant to 'char*' [-Wwrite-strings]
../src/camera.cpp:169:1: warning: deprecated conversion from string constant to 'char*' [-Wwrite-strings]
../src/camera.cpp:169:1: warning: deprecated conversion from string constant to 'char*' [-Wwrite-strings]
../src/camera.cpp:169:1: warning: deprecated conversion from string constant to 'char*' [-Wwrite-strings]
../src/camera.cpp:169:1: warning: deprecated conversion from string constant to 'char*' [-Wwrite-strings]
../src/camera.cpp:169:1: warning: deprecated conversion from string constant to 'char*' [-Wwrite-strings]
../src/camera.cpp:169:1: warning: deprecated conversion from string constant to 'char*' [-Wwrite-strings]
../src/camera.cpp:169:1: warning: deprecated conversion from string constant to 'char*' [-Wwrite-strings]
../src/camera.cpp:169:1: warning: deprecated conversion from string constant to 'char*' [-Wwrite-strings]
../src/camera.cpp:169:1: warning: deprecated conversion from string constant to 'char*' [-Wwrite-strings]
../src/camera.cpp:169:1: warning: deprecated conversion from string constant to 'char*' [-Wwrite-strings]
../src/camera.cpp:169:1: warning: deprecated conversion from string constant to 'char*' [-Wwrite-strings]
../src/camera.cpp:169:1: warning: deprecated conversion from string constant to 'char*' [-Wwrite-strings]
../src/camera.cpp:169:1: warning: deprecated conversion from string constant to 'char*' [-Wwrite-strings]
../src/camera.cpp:169:1: warning: deprecated conversion from string constant to 'char*' [-Wwrite-strings]
../src/camera.cpp:169:1: warning: deprecated conversion from string constant to 'char*' [-Wwrite-strings]
../src/camera.cpp:169:1: warning: deprecated conversion from string constant to 'char*' [-Wwrite-strings]
../src/camera.cpp:169:1: warning: deprecated conversion from string constant to 'char*' [-Wwrite-strings]
../src/camera.cpp:169:1: warning: deprecated conversion from string constant to 'char*' [-Wwrite-strings]
../src/camera.cpp: In function 'void cam_setRegs(const uint8_t*, int)':
../src/camera.cpp:571:17: warning: unused variable 'q' [-Wunused-variable]
    volatile int q = 0;
                 ^
Finished building: ../src/camera.cpp
 
Building file: ../src/chirp.cpp
Invoking: MCU C++ Compiler
arm-none-eabi-c++ -D__MULTICORE_NONE -DIPC_MASTER -DPIXY -D__NEWLIB__ -DNDEBUG -D__CODE_RED -DCORE_M4 -D__LPC43XX__ -I"C:\Programming\pixy\src\device\libpixy_m4\inc" -I../../common/inc -I../../../common/inc -Os -Os -g -Wall -c -fmessage-length=0 -fno-builtin -ffunction-sections -fdata-sections -fno-rtti -fno-exceptions -fsingle-precision-constant -mcpu=cortex-m4 -mfpu=fpv4-sp-d16 -mfloat-abi=softfp -mthumb -D__NEWLIB__ -MMD -MP -MF"src/chirp.d" -MT"src/chirp.o" -MT"src/chirp.d" -o "src/chirp.o" "../src/chirp.cpp"
../src/chirp.cpp: In member function 'int Chirp::recvFull(uint8_t*, ChirpProc*, bool)':
../src/chirp.cpp:1274:16: warning: comparison between signed and unsigned integer expressions [-Wsign-compare]
         if (res<sizeof(uint32_t))
                ^
../src/chirp.cpp: In member function 'int Chirp::recvData()':
../src/chirp.cpp:1342:9: warning: 'res' may be used uninitialized in this function [-Wmaybe-uninitialized]
         if (res<(int)chunk+3)
         ^
Finished building: ../src/chirp.cpp
 
Building file: ../src/colorlut.cpp
Invoking: MCU C++ Compiler
arm-none-eabi-c++ -D__MULTICORE_NONE -DIPC_MASTER -DPIXY -D__NEWLIB__ -DNDEBUG -D__CODE_RED -DCORE_M4 -D__LPC43XX__ -I"C:\Programming\pixy\src\device\libpixy_m4\inc" -I../../common/inc -I../../../common/inc -Os -Os -g -Wall -c -fmessage-length=0 -fno-builtin -ffunction-sections -fdata-sections -fno-rtti -fno-exceptions -fsingle-precision-constant -mcpu=cortex-m4 -mfpu=fpv4-sp-d16 -mfloat-abi=softfp -mthumb -D__NEWLIB__ -MMD -MP -MF"src/colorlut.d" -MT"src/colorlut.o" -MT"src/colorlut.d" -o "src/colorlut.o" "../src/colorlut.cpp"
In file included from ../../../common/inc/colorlut.h:19:0,
                 from ../src/colorlut.cpp:22:
../../../common/inc/simplevector.h: In member function 'int SimpleVector<Object>::push_back(const Object&) [with Object = Point16]':
../../../common/inc/simplevector.h:36:9: warning: assuming signed overflow does not occur when assuming that (X + c) < X is always false [-Wstrict-overflow]
         if(newCapacity < m_size)
         ^
Finished building: ../src/colorlut.cpp
 
Building file: ../src/debug_frmwrk.c
Invoking: MCU C Compiler
arm-none-eabi-gcc -D__NEWLIB__ -DIPC_MASTER -DPIXY -D__MULTICORE_NONE -DNDEBUG -D__CODE_RED -DCORE_M4 -D__LPC43XX__ -I"C:\Programming\pixy\src\device\libpixy_m4\inc" -I../../common/inc -I../../../common/inc -Os -g -Wall -c -fmessage-length=0 -fno-builtin -ffunction-sections -fdata-sections -fsingle-precision-constant -mcpu=cortex-m4 -mfpu=fpv4-sp-d16 -mfloat-abi=softfp -mthumb -D__NEWLIB__ -MMD -MP -MF"src/debug_frmwrk.d" -MT"src/debug_frmwrk.o" -MT"src/debug_frmwrk.d" -o "src/debug_frmwrk.o" "../src/debug_frmwrk.c"
Finished building: ../src/debug_frmwrk.c
 
Building file: ../src/flash.cpp
Invoking: MCU C++ Compiler
arm-none-eabi-c++ -D__MULTICORE_NONE -DIPC_MASTER -DPIXY -D__NEWLIB__ -DNDEBUG -D__CODE_RED -DCORE_M4 -D__LPC43XX__ -I"C:\Programming\pixy\src\device\libpixy_m4\inc" -I../../common/inc -I../../../common/inc -Os -Os -g -Wall -c -fmessage-length=0 -fno-builtin -ffunction-sections -fdata-sections -fno-rtti -fno-exceptions -fsingle-precision-constant -mcpu=cortex-m4 -mfpu=fpv4-sp-d16 -mfloat-abi=softfp -mthumb -D__NEWLIB__ -MMD -MP -MF"src/flash.d" -MT"src/flash.o" -MT"src/flash.d" -o "src/flash.o" "../src/flash.cpp"
In file included from ../src/flash.cpp:17:0:
../src/flash.cpp: In function 'int32_t flash_erase(uint32_t, uint32_t)':
../src/flash.cpp:33:36: warning: suggest parentheses around '+' in operand of '&' [-Wparentheses]
   addrTemp = FLASH_SECTOR_MASK(addr+i);
                                    ^
C:\Programming\pixy\src\device\libpixy_m4\inc/flash.h:23:33: note: in definition of macro 'FLASH_SECTOR_MASK'
 #define FLASH_SECTOR_MASK(a)   (a & (~(FLASH_SECTOR_SIZE-1)))
                                 ^
Finished building: ../src/flash.cpp
 
Building file: ../src/fpu_init.c
Invoking: MCU C Compiler
arm-none-eabi-gcc -D__NEWLIB__ -DIPC_MASTER -DPIXY -D__MULTICORE_NONE -DNDEBUG -D__CODE_RED -DCORE_M4 -D__LPC43XX__ -I"C:\Programming\pixy\src\device\libpixy_m4\inc" -I../../common/inc -I../../../common/inc -Os -g -Wall -c -fmessage-length=0 -fno-builtin -ffunction-sections -fdata-sections -fsingle-precision-constant -mcpu=cortex-m4 -mfpu=fpv4-sp-d16 -mfloat-abi=softfp -mthumb -D__NEWLIB__ -MMD -MP -MF"src/fpu_init.d" -MT"src/fpu_init.o" -MT"src/fpu_init.d" -o "src/fpu_init.o" "../src/fpu_init.c"
Finished building: ../src/fpu_init.c
 
Building file: ../src/ipc_mbx.c
Invoking: MCU C Compiler
arm-none-eabi-gcc -D__NEWLIB__ -DIPC_MASTER -DPIXY -D__MULTICORE_NONE -DNDEBUG -D__CODE_RED -DCORE_M4 -D__LPC43XX__ -I"C:\Programming\pixy\src\device\libpixy_m4\inc" -I../../common/inc -I../../../common/inc -Os -g -Wall -c -fmessage-length=0 -fno-builtin -ffunction-sections -fdata-sections -fsingle-precision-constant -mcpu=cortex-m4 -mfpu=fpv4-sp-d16 -mfloat-abi=softfp -mthumb -D__NEWLIB__ -MMD -MP -MF"src/ipc_mbx.d" -MT"src/ipc_mbx.o" -MT"src/ipc_mbx.d" -o "src/ipc_mbx.o" "../src/ipc_mbx.c"
Finished building: ../src/ipc_mbx.c
 
Building file: ../src/led.cpp
Invoking: MCU C++ Compiler
arm-none-eabi-c++ -D__MULTICORE_NONE -DIPC_MASTER -DPIXY -D__NEWLIB__ -DNDEBUG -D__CODE_RED -DCORE_M4 -D__LPC43XX__ -I"C:\Programming\pixy\src\device\libpixy_m4\inc" -I../../common/inc -I../../../common/inc -Os -Os -g -Wall -c -fmessage-length=0 -fno-builtin -ffunction-sections -fdata-sections -fno-rtti -fno-exceptions -fsingle-precision-constant -mcpu=cortex-m4 -mfpu=fpv4-sp-d16 -mfloat-abi=softfp -mthumb -D__NEWLIB__ -MMD -MP -MF"src/led.d" -MT"src/led.o" -MT"src/led.d" -o "src/led.o" "../src/led.cpp"
../src/led.cpp:64:1: warning: deprecated conversion from string constant to 'char*' [-Wwrite-strings]
 }; 
 ^
../src/led.cpp:64:1: warning: deprecated conversion from string constant to 'char*' [-Wwrite-strings]
../src/led.cpp:64:1: warning: deprecated conversion from string constant to 'char*' [-Wwrite-strings]
../src/led.cpp:64:1: warning: deprecated conversion from string constant to 'char*' [-Wwrite-strings]
../src/led.cpp:64:1: warning: deprecated conversion from string constant to 'char*' [-Wwrite-strings]
../src/led.cpp:64:1: warning: deprecated conversion from string constant to 'char*' [-Wwrite-strings]
../src/led.cpp:64:1: warning: deprecated conversion from string constant to 'char*' [-Wwrite-strings]
../src/led.cpp:64:1: warning: deprecated conversion from string constant to 'char*' [-Wwrite-strings]
Finished building: ../src/led.cpp
 
Building file: ../src/lpc43xx_adc.c
Invoking: MCU C Compiler
arm-none-eabi-gcc -D__NEWLIB__ -DIPC_MASTER -DPIXY -D__MULTICORE_NONE -DNDEBUG -D__CODE_RED -DCORE_M4 -D__LPC43XX__ -I"C:\Programming\pixy\src\device\libpixy_m4\inc" -I../../common/inc -I../../../common/inc -Os -g -Wall -c -fmessage-length=0 -fno-builtin -ffunction-sections -fdata-sections -fsingle-precision-constant -mcpu=cortex-m4 -mfpu=fpv4-sp-d16 -mfloat-abi=softfp -mthumb -D__NEWLIB__ -MMD -MP -MF"src/lpc43xx_adc.d" -MT"src/lpc43xx_adc.o" -MT"src/lpc43xx_adc.d" -o "src/lpc43xx_adc.o" "../src/lpc43xx_adc.c"
../src/lpc43xx_adc.c: In function 'ADC_Init':
../src/lpc43xx_adc.c:109:15: warning: 'temp' may be used uninitialized in this function [-Wmaybe-uninitialized]
  temp = ((temp*2 + ADCbitrate) / (ADCbitrate*2)) - 1;//get the round value by fomular: (2*A + B)/(2*B)
               ^
Finished building: ../src/lpc43xx_adc.c
 
Building file: ../src/lpc43xx_cgu.c
Invoking: MCU C Compiler
arm-none-eabi-gcc -D__NEWLIB__ -DIPC_MASTER -DPIXY -D__MULTICORE_NONE -DNDEBUG -D__CODE_RED -DCORE_M4 -D__LPC43XX__ -I"C:\Programming\pixy\src\device\libpixy_m4\inc" -I../../common/inc -I../../../common/inc -Os -g -Wall -c -fmessage-length=0 -fno-builtin -ffunction-sections -fdata-sections -fsingle-precision-constant -mcpu=cortex-m4 -mfpu=fpv4-sp-d16 -mfloat-abi=softfp -mthumb -D__NEWLIB__ -MMD -MP -MF"src/lpc43xx_cgu.d" -MT"src/lpc43xx_cgu.o" -MT"src/lpc43xx_cgu.d" -o "src/lpc43xx_cgu.o" "../src/lpc43xx_cgu.c"
Finished building: ../src/lpc43xx_cgu.c
 
Building file: ../src/lpc43xx_i2c.c
Invoking: MCU C Compiler
arm-none-eabi-gcc -D__NEWLIB__ -DIPC_MASTER -DPIXY -D__MULTICORE_NONE -DNDEBUG -D__CODE_RED -DCORE_M4 -D__LPC43XX__ -I"C:\Programming\pixy\src\device\libpixy_m4\inc" -I../../common/inc -I../../../common/inc -Os -g -Wall -c -fmessage-length=0 -fno-builtin -ffunction-sections -fdata-sections -fsingle-precision-constant -mcpu=cortex-m4 -mfpu=fpv4-sp-d16 -mfloat-abi=softfp -mthumb -D__NEWLIB__ -MMD -MP -MF"src/lpc43xx_i2c.d" -MT"src/lpc43xx_i2c.o" -MT"src/lpc43xx_i2c.d" -o "src/lpc43xx_i2c.o" "../src/lpc43xx_i2c.c"
Finished building: ../src/lpc43xx_i2c.c
 
Building file: ../src/lpc43xx_scu.c
Invoking: MCU C Compiler
arm-none-eabi-gcc -D__NEWLIB__ -DIPC_MASTER -DPIXY -D__MULTICORE_NONE -DNDEBUG -D__CODE_RED -DCORE_M4 -D__LPC43XX__ -I"C:\Programming\pixy\src\device\libpixy_m4\inc" -I../../common/inc -I../../../common/inc -Os -g -Wall -c -fmessage-length=0 -fno-builtin -ffunction-sections -fdata-sections -fsingle-precision-constant -mcpu=cortex-m4 -mfpu=fpv4-sp-d16 -mfloat-abi=softfp -mthumb -D__NEWLIB__ -MMD -MP -MF"src/lpc43xx_scu.d" -MT"src/lpc43xx_scu.o" -MT"src/lpc43xx_scu.d" -o "src/lpc43xx_scu.o" "../src/lpc43xx_scu.c"
Finished building: ../src/lpc43xx_scu.c
 
Building file: ../src/lpc43xx_ssp.c
Invoking: MCU C Compiler
arm-none-eabi-gcc -D__NEWLIB__ -DIPC_MASTER -DPIXY -D__MULTICORE_NONE -DNDEBUG -D__CODE_RED -DCORE_M4 -D__LPC43XX__ -I"C:\Programming\pixy\src\device\libpixy_m4\inc" -I../../common/inc -I../../../common/inc -Os -g -Wall -c -fmessage-length=0 -fno-builtin -ffunction-sections -fdata-sections -fsingle-precision-constant -mcpu=cortex-m4 -mfpu=fpv4-sp-d16 -mfloat-abi=softfp -mthumb -D__NEWLIB__ -MMD -MP -MF"src/lpc43xx_ssp.d" -MT"src/lpc43xx_ssp.o" -MT"src/lpc43xx_ssp.d" -o "src/lpc43xx_ssp.o" "../src/lpc43xx_ssp.c"
../src/lpc43xx_ssp.c: In function 'SSP_ReadWrite':
../src/lpc43xx_ssp.c:390:14: warning: 'wdata16' may be used uninitialized in this function [-Wmaybe-uninitialized]
       wdata16++;
              ^
../src/lpc43xx_ssp.c:416:14: warning: 'rdata16' may be used uninitialized in this function [-Wmaybe-uninitialized]
       rdata16++;
              ^
../src/lpc43xx_ssp.c:386:13: warning: 'wdata8' may be used uninitialized in this function [-Wmaybe-uninitialized]
       wdata8++;
             ^
../src/lpc43xx_ssp.c:413:13: warning: 'rdata8' may be used uninitialized in this function [-Wmaybe-uninitialized]
       rdata8++;
             ^
Finished building: ../src/lpc43xx_ssp.c
 
Building file: ../src/lpc43xx_uart.c
Invoking: MCU C Compiler
arm-none-eabi-gcc -D__NEWLIB__ -DIPC_MASTER -DPIXY -D__MULTICORE_NONE -DNDEBUG -D__CODE_RED -DCORE_M4 -D__LPC43XX__ -I"C:\Programming\pixy\src\device\libpixy_m4\inc" -I../../common/inc -I../../../common/inc -Os -g -Wall -c -fmessage-length=0 -fno-builtin -ffunction-sections -fdata-sections -fsingle-precision-constant -mcpu=cortex-m4 -mfpu=fpv4-sp-d16 -mfloat-abi=softfp -mthumb -D__NEWLIB__ -MMD -MP -MF"src/lpc43xx_uart.d" -MT"src/lpc43xx_uart.o" -MT"src/lpc43xx_uart.d" -o "src/lpc43xx_uart.o" "../src/lpc43xx_uart.c"
Finished building: ../src/lpc43xx_uart.c
 
Building file: ../src/misc.cpp
Invoking: MCU C++ Compiler
arm-none-eabi-c++ -D__MULTICORE_NONE -DIPC_MASTER -DPIXY -D__NEWLIB__ -DNDEBUG -D__CODE_RED -DCORE_M4 -D__LPC43XX__ -I"C:\Programming\pixy\src\device\libpixy_m4\inc" -I../../common/inc -I../../../common/inc -Os -Os -g -Wall -c -fmessage-length=0 -fno-builtin -ffunction-sections -fdata-sections -fno-rtti -fno-exceptions -fsingle-precision-constant -mcpu=cortex-m4 -mfpu=fpv4-sp-d16 -mfloat-abi=softfp -mthumb -D__NEWLIB__ -MMD -MP -MF"src/misc.d" -MT"src/misc.o" -MT"src/misc.d" -o "src/misc.o" "../src/misc.cpp"
Finished building: ../src/misc.cpp
 
Building file: ../src/param.cpp
Invoking: MCU C++ Compiler
arm-none-eabi-c++ -D__MULTICORE_NONE -DIPC_MASTER -DPIXY -D__NEWLIB__ -DNDEBUG -D__CODE_RED -DCORE_M4 -D__LPC43XX__ -I"C:\Programming\pixy\src\device\libpixy_m4\inc" -I../../common/inc -I../../../common/inc -Os -Os -g -Wall -c -fmessage-length=0 -fno-builtin -ffunction-sections -fdata-sections -fno-rtti -fno-exceptions -fsingle-precision-constant -mcpu=cortex-m4 -mfpu=fpv4-sp-d16 -mfloat-abi=softfp -mthumb -D__NEWLIB__ -MMD -MP -MF"src/param.d" -MT"src/param.o" -MT"src/param.d" -o "src/param.o" "../src/param.cpp"
../src/param.cpp:99:1: warning: deprecated conversion from string constant to 'char*' [-Wwrite-strings]
 };
 ^
../src/param.cpp:99:1: warning: deprecated conversion from string constant to 'char*' [-Wwrite-strings]
../src/param.cpp:99:1: warning: deprecated conversion from string constant to 'char*' [-Wwrite-strings]
../src/param.cpp:99:1: warning: deprecated conversion from string constant to 'char*' [-Wwrite-strings]
../src/param.cpp:99:1: warning: deprecated conversion from string constant to 'char*' [-Wwrite-strings]
../src/param.cpp:99:1: warning: deprecated conversion from string constant to 'char*' [-Wwrite-strings]
../src/param.cpp:99:1: warning: deprecated conversion from string constant to 'char*' [-Wwrite-strings]
../src/param.cpp:99:1: warning: deprecated conversion from string constant to 'char*' [-Wwrite-strings]
../src/param.cpp:99:1: warning: deprecated conversion from string constant to 'char*' [-Wwrite-strings]
../src/param.cpp:99:1: warning: deprecated conversion from string constant to 'char*' [-Wwrite-strings]
../src/param.cpp:99:1: warning: deprecated conversion from string constant to 'char*' [-Wwrite-strings]
../src/param.cpp:99:1: warning: deprecated conversion from string constant to 'char*' [-Wwrite-strings]
../src/param.cpp:99:1: warning: deprecated conversion from string constant to 'char*' [-Wwrite-strings]
../src/param.cpp:99:1: warning: deprecated conversion from string constant to 'char*' [-Wwrite-strings]
../src/param.cpp:99:1: warning: deprecated conversion from string constant to 'char*' [-Wwrite-strings]
../src/param.cpp:99:1: warning: deprecated conversion from string constant to 'char*' [-Wwrite-strings]
../src/param.cpp: In function 'uint32_t prm_nextFree()':
../src/param.cpp:311:10: warning: converting to non-pointer type 'uint32_t {aka long unsigned int}' from NULL [-Wconversion-null]
   return NULL;
          ^
../src/param.cpp: In function 'int prm_add(const char*, uint32_t, const char*, ...)':
../src/param.cpp:490:32: warning: NULL used in arithmetic [-Wpointer-arith]
  if ((freeLoc=prm_nextFree())==NULL)
                                ^
In file included from ../src/param.cpp:23:0:
../../../common/inc/simplevector.h: In function 'int prm_setShadowCallback(const char*, ShadowCallback)':
../../../common/inc/simplevector.h:36:9: warning: assuming signed overflow does not occur when assuming that (X + c) < X is always false [-Wstrict-overflow]
         if(newCapacity < m_size)
         ^
Finished building: ../src/param.cpp
 
Building file: ../src/pixy_init.cpp
Invoking: MCU C++ Compiler
arm-none-eabi-c++ -D__MULTICORE_NONE -DIPC_MASTER -DPIXY -D__NEWLIB__ -DNDEBUG -D__CODE_RED -DCORE_M4 -D__LPC43XX__ -I"C:\Programming\pixy\src\device\libpixy_m4\inc" -I../../common/inc -I../../../common/inc -Os -Os -g -Wall -c -fmessage-length=0 -fno-builtin -ffunction-sections -fdata-sections -fno-rtti -fno-exceptions -fsingle-precision-constant -mcpu=cortex-m4 -mfpu=fpv4-sp-d16 -mfloat-abi=softfp -mthumb -D__NEWLIB__ -MMD -MP -MF"src/pixy_init.d" -MT"src/pixy_init.o" -MT"src/pixy_init.d" -o "src/pixy_init.o" "../src/pixy_init.cpp"
Finished building: ../src/pixy_init.cpp
 
Building file: ../src/platform_config.c
Invoking: MCU C Compiler
arm-none-eabi-gcc -D__NEWLIB__ -DIPC_MASTER -DPIXY -D__MULTICORE_NONE -DNDEBUG -D__CODE_RED -DCORE_M4 -D__LPC43XX__ -I"C:\Programming\pixy\src\device\libpixy_m4\inc" -I../../common/inc -I../../../common/inc -Os -g -Wall -c -fmessage-length=0 -fno-builtin -ffunction-sections -fdata-sections -fsingle-precision-constant -mcpu=cortex-m4 -mfpu=fpv4-sp-d16 -mfloat-abi=softfp -mthumb -D__NEWLIB__ -MMD -MP -MF"src/platform_config.d" -MT"src/platform_config.o" -MT"src/platform_config.d" -o "src/platform_config.o" "../src/platform_config.c"
Finished building: ../src/platform_config.c
 
Building file: ../src/power.cpp
Invoking: MCU C++ Compiler
arm-none-eabi-c++ -D__MULTICORE_NONE -DIPC_MASTER -DPIXY -D__NEWLIB__ -DNDEBUG -D__CODE_RED -DCORE_M4 -D__LPC43XX__ -I"C:\Programming\pixy\src\device\libpixy_m4\inc" -I../../common/inc -I../../../common/inc -Os -Os -g -Wall -c -fmessage-length=0 -fno-builtin -ffunction-sections -fdata-sections -fno-rtti -fno-exceptions -fsingle-precision-constant -mcpu=cortex-m4 -mfpu=fpv4-sp-d16 -mfloat-abi=softfp -mthumb -D__NEWLIB__ -MMD -MP -MF"src/power.d" -MT"src/power.o" -MT"src/power.d" -o "src/power.o" "../src/power.cpp"
../src/power.cpp:52:1: warning: deprecated conversion from string constant to 'char*' [-Wwrite-strings]
 }; 
 ^
../src/power.cpp:52:1: warning: deprecated conversion from string constant to 'char*' [-Wwrite-strings]
../src/power.cpp:52:1: warning: deprecated conversion from string constant to 'char*' [-Wwrite-strings]
../src/power.cpp:52:1: warning: deprecated conversion from string constant to 'char*' [-Wwrite-strings]
../src/power.cpp:52:1: warning: deprecated conversion from string constant to 'char*' [-Wwrite-strings]
../src/power.cpp:52:1: warning: deprecated conversion from string constant to 'char*' [-Wwrite-strings]
../src/power.cpp:52:1: warning: deprecated conversion from string constant to 'char*' [-Wwrite-strings]
../src/power.cpp:52:1: warning: deprecated conversion from string constant to 'char*' [-Wwrite-strings]
Finished building: ../src/power.cpp
 
Building file: ../src/qqueue.cpp
Invoking: MCU C++ Compiler
arm-none-eabi-c++ -D__MULTICORE_NONE -DIPC_MASTER -DPIXY -D__NEWLIB__ -DNDEBUG -D__CODE_RED -DCORE_M4 -D__LPC43XX__ -I"C:\Programming\pixy\src\device\libpixy_m4\inc" -I../../common/inc -I../../../common/inc -Os -Os -g -Wall -c -fmessage-length=0 -fno-builtin -ffunction-sections -fdata-sections -fno-rtti -fno-exceptions -fsingle-precision-constant -mcpu=cortex-m4 -mfpu=fpv4-sp-d16 -mfloat-abi=softfp -mthumb -D__NEWLIB__ -MMD -MP -MF"src/qqueue.d" -MT"src/qqueue.o" -MT"src/qqueue.d" -o "src/qqueue.o" "../src/qqueue.cpp"
Finished building: ../src/qqueue.cpp
 
Building file: ../src/rcservo.cpp
Invoking: MCU C++ Compiler
arm-none-eabi-c++ -D__MULTICORE_NONE -DIPC_MASTER -DPIXY -D__NEWLIB__ -DNDEBUG -D__CODE_RED -DCORE_M4 -D__LPC43XX__ -I"C:\Programming\pixy\src\device\libpixy_m4\inc" -I../../common/inc -I../../../common/inc -Os -Os -g -Wall -c -fmessage-length=0 -fno-builtin -ffunction-sections -fdata-sections -fno-rtti -fno-exceptions -fsingle-precision-constant -mcpu=cortex-m4 -mfpu=fpv4-sp-d16 -mfloat-abi=softfp -mthumb -D__NEWLIB__ -MMD -MP -MF"src/rcservo.d" -MT"src/rcservo.o" -MT"src/rcservo.d" -o "src/rcservo.o" "../src/rcservo.cpp"
../src/rcservo.cpp:72:1: warning: deprecated conversion from string constant to 'char*' [-Wwrite-strings]
 }; 
 ^
../src/rcservo.cpp:72:1: warning: deprecated conversion from string constant to 'char*' [-Wwrite-strings]
../src/rcservo.cpp:72:1: warning: deprecated conversion from string constant to 'char*' [-Wwrite-strings]
../src/rcservo.cpp:72:1: warning: deprecated conversion from string constant to 'char*' [-Wwrite-strings]
../src/rcservo.cpp:72:1: warning: deprecated conversion from string constant to 'char*' [-Wwrite-strings]
../src/rcservo.cpp:72:1: warning: deprecated conversion from string constant to 'char*' [-Wwrite-strings]
../src/rcservo.cpp:72:1: warning: deprecated conversion from string constant to 'char*' [-Wwrite-strings]
../src/rcservo.cpp:72:1: warning: deprecated conversion from string constant to 'char*' [-Wwrite-strings]
../src/rcservo.cpp:72:1: warning: deprecated conversion from string constant to 'char*' [-Wwrite-strings]
../src/rcservo.cpp:72:1: warning: deprecated conversion from string constant to 'char*' [-Wwrite-strings]
Finished building: ../src/rcservo.cpp
 
Building file: ../src/sccb.cpp
Invoking: MCU C++ Compiler
arm-none-eabi-c++ -D__MULTICORE_NONE -DIPC_MASTER -DPIXY -D__NEWLIB__ -DNDEBUG -D__CODE_RED -DCORE_M4 -D__LPC43XX__ -I"C:\Programming\pixy\src\device\libpixy_m4\inc" -I../../common/inc -I../../../common/inc -Os -Os -g -Wall -c -fmessage-length=0 -fno-builtin -ffunction-sections -fdata-sections -fno-rtti -fno-exceptions -fsingle-precision-constant -mcpu=cortex-m4 -mfpu=fpv4-sp-d16 -mfloat-abi=softfp -mthumb -D__NEWLIB__ -MMD -MP -MF"src/sccb.d" -MT"src/sccb.o" -MT"src/sccb.d" -o "src/sccb.o" "../src/sccb.cpp"
Finished building: ../src/sccb.cpp
 
Building file: ../src/smlink.cpp
Invoking: MCU C++ Compiler
arm-none-eabi-c++ -D__MULTICORE_NONE -DIPC_MASTER -DPIXY -D__NEWLIB__ -DNDEBUG -D__CODE_RED -DCORE_M4 -D__LPC43XX__ -I"C:\Programming\pixy\src\device\libpixy_m4\inc" -I../../common/inc -I../../../common/inc -Os -Os -g -Wall -c -fmessage-length=0 -fno-builtin -ffunction-sections -fdata-sections -fno-rtti -fno-exceptions -fsingle-precision-constant -mcpu=cortex-m4 -mfpu=fpv4-sp-d16 -mfloat-abi=softfp -mthumb -D__NEWLIB__ -MMD -MP -MF"src/smlink.d" -MT"src/smlink.o" -MT"src/smlink.d" -o "src/smlink.o" "../src/smlink.cpp"
Finished building: ../src/smlink.cpp
 
Building file: ../src/system_LPC43xx.c
Invoking: MCU C Compiler
arm-none-eabi-gcc -D__NEWLIB__ -DIPC_MASTER -DPIXY -D__MULTICORE_NONE -DNDEBUG -D__CODE_RED -DCORE_M4 -D__LPC43XX__ -I"C:\Programming\pixy\src\device\libpixy_m4\inc" -I../../common/inc -I../../../common/inc -Os -g -Wall -c -fmessage-length=0 -fno-builtin -ffunction-sections -fdata-sections -fsingle-precision-constant -mcpu=cortex-m4 -mfpu=fpv4-sp-d16 -mfloat-abi=softfp -mthumb -D__NEWLIB__ -MMD -MP -MF"src/system_LPC43xx.d" -MT"src/system_LPC43xx.o" -MT"src/system_LPC43xx.d" -o "src/system_LPC43xx.o" "../src/system_LPC43xx.c"
Finished building: ../src/system_LPC43xx.c
 
Building file: ../src/usbcore.c
Invoking: MCU C Compiler
arm-none-eabi-gcc -D__NEWLIB__ -DIPC_MASTER -DPIXY -D__MULTICORE_NONE -DNDEBUG -D__CODE_RED -DCORE_M4 -D__LPC43XX__ -I"C:\Programming\pixy\src\device\libpixy_m4\inc" -I../../common/inc -I../../../common/inc -Os -g -Wall -c -fmessage-length=0 -fno-builtin -ffunction-sections -fdata-sections -fsingle-precision-constant -mcpu=cortex-m4 -mfpu=fpv4-sp-d16 -mfloat-abi=softfp -mthumb -D__NEWLIB__ -MMD -MP -MF"src/usbcore.d" -MT"src/usbcore.o" -MT"src/usbcore.d" -o "src/usbcore.o" "../src/usbcore.c"
../src/usbcore.c: In function 'USB_ReqGetStatus':
../src/usbcore.c:203:9: warning: dereferencing type-punned pointer will break strict-aliasing rules [-Wstrict-aliasing]
         *((__packed uint16_t *)EP0Buf) = 0;
         ^
../src/usbcore.c:213:9: warning: dereferencing type-punned pointer will break strict-aliasing rules [-Wstrict-aliasing]
         *((__packed uint16_t *)EP0Buf) = (USB_EndPointHalt & m) ? 1 : 0;
         ^
../src/usbcore.c: In function 'USB_EndPoint0':
../src/usbcore.c:1079:1: warning: label 'out_class_ok' defined but not used [-Wunused-label]
 out_class_ok:                                                            /* request finished successfully */
 ^
../src/usbcore.c:926:1: warning: label 'setup_class_ok' defined but not used [-Wunused-label]
 setup_class_ok:                                                          /* request finished successfully */
 ^
Finished building: ../src/usbcore.c
 
Building file: ../src/usbdesc.c
Invoking: MCU C Compiler
arm-none-eabi-gcc -D__NEWLIB__ -DIPC_MASTER -DPIXY -D__MULTICORE_NONE -DNDEBUG -D__CODE_RED -DCORE_M4 -D__LPC43XX__ -I"C:\Programming\pixy\src\device\libpixy_m4\inc" -I../../common/inc -I../../../common/inc -Os -g -Wall -c -fmessage-length=0 -fno-builtin -ffunction-sections -fdata-sections -fsingle-precision-constant -mcpu=cortex-m4 -mfpu=fpv4-sp-d16 -mfloat-abi=softfp -mthumb -D__NEWLIB__ -MMD -MP -MF"src/usbdesc.d" -MT"src/usbdesc.o" -MT"src/usbdesc.d" -o "src/usbdesc.o" "../src/usbdesc.c"
In file included from ../src/usbdesc.c:42:0:
C:\Programming\pixy\src\device\libpixy_m4\inc/usbdesc.h:38:21: warning: suggest parentheses around '+' in operand of '&' [-Wparentheses]
 #define WBVAL(x) (x & 0xFF),((x >> 8) & 0xFF)
                     ^
../src/usbdesc.c:75:3: note: in expansion of macro 'WBVAL'
   WBVAL(                             /* wTotalLength */
   ^
C:\Programming\pixy\src\device\libpixy_m4\inc/usbdesc.h:38:33: warning: suggest parentheses around '+' inside '>>' [-Wparentheses]
 #define WBVAL(x) (x & 0xFF),((x >> 8) & 0xFF)
                                 ^
../src/usbdesc.c:75:3: note: in expansion of macro 'WBVAL'
   WBVAL(                             /* wTotalLength */
   ^
C:\Programming\pixy\src\device\libpixy_m4\inc/usbdesc.h:38:21: warning: suggest parentheses around '+' in operand of '&' [-Wparentheses]
 #define WBVAL(x) (x & 0xFF),((x >> 8) & 0xFF)
                     ^
../src/usbdesc.c:140:3: note: in expansion of macro 'WBVAL'
   WBVAL(                             /* wTotalLength */
   ^
C:\Programming\pixy\src\device\libpixy_m4\inc/usbdesc.h:38:33: warning: suggest parentheses around '+' inside '>>' [-Wparentheses]
 #define WBVAL(x) (x & 0xFF),((x >> 8) & 0xFF)
                                 ^
../src/usbdesc.c:140:3: note: in expansion of macro 'WBVAL'
   WBVAL(                             /* wTotalLength */
   ^
C:\Programming\pixy\src\device\libpixy_m4\inc/usbdesc.h:38:21: warning: suggest parentheses around '+' in operand of '&' [-Wparentheses]
 #define WBVAL(x) (x & 0xFF),((x >> 8) & 0xFF)
                     ^
../src/usbdesc.c:268:3: note: in expansion of macro 'WBVAL'
   WBVAL(                             /* wTotalLength */
   ^
C:\Programming\pixy\src\device\libpixy_m4\inc/usbdesc.h:38:33: warning: suggest parentheses around '+' inside '>>' [-Wparentheses]
 #define WBVAL(x) (x & 0xFF),((x >> 8) & 0xFF)
                                 ^
../src/usbdesc.c:268:3: note: in expansion of macro 'WBVAL'
   WBVAL(                             /* wTotalLength */
   ^
C:\Programming\pixy\src\device\libpixy_m4\inc/usbdesc.h:38:21: warning: suggest parentheses around '+' in operand of '&' [-Wparentheses]
 #define WBVAL(x) (x & 0xFF),((x >> 8) & 0xFF)
                     ^
../src/usbdesc.c:332:3: note: in expansion of macro 'WBVAL'
   WBVAL(                             /* wTotalLength */
   ^
C:\Programming\pixy\src\device\libpixy_m4\inc/usbdesc.h:38:33: warning: suggest parentheses around '+' inside '>>' [-Wparentheses]
 #define WBVAL(x) (x & 0xFF),((x >> 8) & 0xFF)
                                 ^
../src/usbdesc.c:332:3: note: in expansion of macro 'WBVAL'
   WBVAL(                             /* wTotalLength */
   ^
Finished building: ../src/usbdesc.c
 
Building file: ../src/usbhw.c
Invoking: MCU C Compiler
arm-none-eabi-gcc -D__NEWLIB__ -DIPC_MASTER -DPIXY -D__MULTICORE_NONE -DNDEBUG -D__CODE_RED -DCORE_M4 -D__LPC43XX__ -I"C:\Programming\pixy\src\device\libpixy_m4\inc" -I../../common/inc -I../../../common/inc -Os -g -Wall -c -fmessage-length=0 -fno-builtin -ffunction-sections -fdata-sections -fsingle-precision-constant -mcpu=cortex-m4 -mfpu=fpv4-sp-d16 -mfloat-abi=softfp -mthumb -D__NEWLIB__ -MMD -MP -MF"src/usbhw.d" -MT"src/usbhw.o" -MT"src/usbhw.d" -o "src/usbhw.o" "../src/usbhw.c"
Finished building: ../src/usbhw.c
 
Building file: ../src/usblink.cpp
Invoking: MCU C++ Compiler
arm-none-eabi-c++ -D__MULTICORE_NONE -DIPC_MASTER -DPIXY -D__NEWLIB__ -DNDEBUG -D__CODE_RED -DCORE_M4 -D__LPC43XX__ -I"C:\Programming\pixy\src\device\libpixy_m4\inc" -I../../common/inc -I../../../common/inc -Os -Os -g -Wall -c -fmessage-length=0 -fno-builtin -ffunction-sections -fdata-sections -fno-rtti -fno-exceptions -fsingle-precision-constant -mcpu=cortex-m4 -mfpu=fpv4-sp-d16 -mfloat-abi=softfp -mthumb -D__NEWLIB__ -MMD -MP -MF"src/usblink.d" -MT"src/usblink.o" -MT"src/usblink.d" -o "src/usblink.o" "../src/usblink.cpp"
Finished building: ../src/usblink.cpp
 
Building file: ../src/usbuser.c
Invoking: MCU C Compiler
arm-none-eabi-gcc -D__NEWLIB__ -DIPC_MASTER -DPIXY -D__MULTICORE_NONE -DNDEBUG -D__CODE_RED -DCORE_M4 -D__LPC43XX__ -I"C:\Programming\pixy\src\device\libpixy_m4\inc" -I../../common/inc -I../../../common/inc -Os -g -Wall -c -fmessage-length=0 -fno-builtin -ffunction-sections -fdata-sections -fsingle-precision-constant -mcpu=cortex-m4 -mfpu=fpv4-sp-d16 -mfloat-abi=softfp -mthumb -D__NEWLIB__ -MMD -MP -MF"src/usbuser.d" -MT"src/usbuser.o" -MT"src/usbuser.d" -o "src/usbuser.o" "../src/usbuser.c"
Finished building: ../src/usbuser.c
 
Building target: liblibpixy_m4.a
Invoking: MCU Archiver
arm-none-eabi-ar -r  "liblibpixy_m4.a"  ./src/blob.o ./src/blobs.o ./src/calc.o ./src/camera.o ./src/chirp.o ./src/colorlut.o ./src/debug_frmwrk.o ./src/flash.o ./src/fpu_init.o ./src/ipc_mbx.o ./src/led.o ./src/lpc43xx_adc.o ./src/lpc43xx_cgu.o ./src/lpc43xx_i2c.o ./src/lpc43xx_scu.o ./src/lpc43xx_ssp.o ./src/lpc43xx_uart.o ./src/misc.o ./src/param.o ./src/pixy_init.o ./src/platform_config.o ./src/power.o ./src/qqueue.o ./src/rcservo.o ./src/sccb.o ./src/smlink.o ./src/system_LPC43xx.o ./src/usbcore.o ./src/usbdesc.o ./src/usbhw.o ./src/usblink.o ./src/usbuser.o   
c:\nxp\LPCXpresso_7.6.2_326\lpcxpresso\tools\bin\arm-none-eabi-ar.exe: creating liblibpixy_m4.a
Finished building target: liblibpixy_m4.a
 
/usr/bin/make --no-print-directory post-build
Performing post-build steps
arm-none-eabi-size "liblibpixy_m4.a" ; # arm-none-eabi-objdump -h -S "liblibpixy_m4.a" >"liblibpixy_m4.lss"
   text	   data	    bss	    dec	    hex	filename
   1113	      0	      7	   1120	    460	blob.o (ex liblibpixy_m4.a)
   4598	      0	      0	   4598	   11f6	blobs.o (ex liblibpixy_m4.a)
    364	      0	      0	    364	    16c	calc.o (ex liblibpixy_m4.a)
   5007	     10	     21	   5038	   13ae	camera.o (ex liblibpixy_m4.a)
   4510	      0	      0	   4510	   119e	chirp.o (ex liblibpixy_m4.a)
   2836	      0	      0	   2836	    b14	colorlut.o (ex liblibpixy_m4.a)
    826	      0	      0	    826	    33a	debug_frmwrk.o (ex liblibpixy_m4.a)
    192	      0	      0	    192	     c0	flash.o (ex liblibpixy_m4.a)
     72	      0	      0	     72	     48	fpu_init.o (ex liblibpixy_m4.a)
    678	      0	      0	    678	    2a6	ipc_mbx.o (ex liblibpixy_m4.a)
   1627	      0	     33	   1660	    67c	led.o (ex liblibpixy_m4.a)
    282	      0	      0	    282	    11a	lpc43xx_adc.o (ex liblibpixy_m4.a)
   2845	     68	      0	   2913	    b61	lpc43xx_cgu.o (ex liblibpixy_m4.a)
   1964	      0	     52	   2016	    7e0	lpc43xx_i2c.o (ex liblibpixy_m4.a)
     20	      0	      0	     20	     14	lpc43xx_scu.o (ex liblibpixy_m4.a)
    704	      0	      0	    704	    2c0	lpc43xx_ssp.o (ex liblibpixy_m4.a)
   1416	      0	      0	   1416	    588	lpc43xx_uart.o (ex liblibpixy_m4.a)
    284	      0	      4	    288	    120	misc.o (ex liblibpixy_m4.a)
   2880	      4	     13	   2897	    b51	param.o (ex liblibpixy_m4.a)
    931	      0	     13	    944	    3b0	pixy_init.o (ex liblibpixy_m4.a)
    928	      0	      0	    928	    3a0	platform_config.o (ex liblibpixy_m4.a)
    553	      0	      0	    553	    229	power.o (ex liblibpixy_m4.a)
    268	      0	      0	    268	    10c	qqueue.o (ex liblibpixy_m4.a)
   2276	      0	     12	   2288	    8f0	rcservo.o (ex liblibpixy_m4.a)
    558	      0	      0	    558	    22e	sccb.o (ex liblibpixy_m4.a)
    246	      0	      0	    246	     f6	smlink.o (ex liblibpixy_m4.a)
      2	      0	      0	      2	      2	system_LPC43xx.o (ex liblibpixy_m4.a)
   1906	      0	      0	   1906	    772	usbcore.o (ex liblibpixy_m4.a)
    312	      0	      0	    312	    138	usbdesc.o (ex liblibpixy_m4.a)
   1742	      0	     20	   1762	    6e2	usbhw.o (ex liblibpixy_m4.a)
    370	      0	     68	    438	    1b6	usblink.o (ex liblibpixy_m4.a)
    523	      0	     38	    561	    231	usbuser.o (ex liblibpixy_m4.a)
 

12:05:36 Build Finished (took 7s.205ms)

